==471434== Memcheck, a memory error detector
==471434== Copyright (C) 2002-2017, and GNU GPL'd, by Julian Seward et al.
==471434== Using Valgrind-3.18.1 and LibVEX; rerun with -h for copyright info
==471434== Command: ./minishell
==471434== Parent PID: 408378
==471434== 
==471434== 
==471434== Process terminating with default action of signal 11 (SIGSEGV)
==471434==  General Protection Fault
==471434==    at 0x5348EC2: __pthread_once_slow (pthread_once.c:114)
==471434==    by 0x54178C2: __rpc_thread_variables (rpc_thread.c:59)
==471434==    by 0x546AC0C: free_mem (in /usr/lib/x86_64-linux-gnu/libc.so.6)
==471434==    by 0x546A741: __libc_freeres (in /usr/lib/x86_64-linux-gnu/libc.so.6)
==471434==    by 0x483F1B2: _vgnU_freeres (in /usr/libexec/valgrind/vgpreload_core-amd64-linux.so)
==471434==    by 0x4A5A3DF: ???
==471434==    by 0x49502D6: __sanitizer::Die() (sanitizer_termination.cpp:59)
==471434==    by 0x49263B8: __asan::AsanCheckDynamicRTPrereqs() (asan_linux.cpp:181)
==471434==    by 0x4932564: __asan::AsanInitInternal() [clone .part.0] (asan_rtl.cpp:420)
==471434==    by 0x40065BD: _dl_init (dl-init.c:102)
==471434==    by 0x40202C9: ??? (in /usr/lib/x86_64-linux-gnu/ld-linux-x86-64.so.2)
==471434== 
==471434== FILE DESCRIPTORS: 4 open (3 std) at exit.
==471434== Open file descriptor 3: /home/fripok/42/minishell/minishv9/valgrind.log
==471434==    <inherited from parent>
==471434== 
==471434== 
==471434== HEAP SUMMARY:
==471434==     in use at exit: 0 bytes in 0 blocks
==471434==   total heap usage: 0 allocs, 0 frees, 0 bytes allocated
==471434== 
==471434== All heap blocks were freed -- no leaks are possible
==471434== 
==471434== For lists of detected and suppressed errors, rerun with: -s
==471434== ERROR SUMMARY: 0 errors from 0 contexts (suppressed: 0 from 0)
